Charm++> Running on MPI library: Open MPI v4.0.5, package: Open MPI spack@br012.ib.bridges2.psc.edu Distribution, ident: 4.0.5, repo rev: v4.0.5, Aug 26, 2020 (MPI standard: 3.1)
Charm++> Level of thread support used: MPI_THREAD_FUNNELED (desired: MPI_THREAD_FUNNELED)
Charm++> Running in SMP mode: 1 processes, 2 worker threads (PEs) + 1 comm threads per process, 2 PEs total
Charm++> The comm. thread both sends and receives messages
Converse/Charm++ Commit ID: v7.1.0-devel-172-ge6d5463bb
CharmLB> Load balancer assumes all CPUs are same.
Charm++> cpu affinity enabled. 
Charm++> cpuaffinity PE-core map (logical indices): 0,1
Charm++> Running on 1 hosts (2 sockets x 64 cores x 1 PUs = 128-way SMP)
Charm++> cpu topology info is gathered in 0.003 seconds.
CharmLB> Load balancing instrumentation for communication is off.
LOGISTICS
Number of PEs: 2
Number of nodes: 1
0.165724 second have elapsed
16569.084883
Time (in nanoseconds): 16569.084883 message_size: 1024 PROTOCOL: Parameter_Marshalling
0.132509 second have elapsed
13248.241352
Time (in nanoseconds): 13248.241352 message_size: 1024 PROTOCOL: Message
0.151211 second have elapsed
15118.082484
Time (in nanoseconds): 15118.082484 message_size: 1024 PROTOCOL: Message_w/o_allocation
[Partition 0][Node 0] End of program
Charm++> Running on MPI library: Open MPI v4.0.5, package: Open MPI spack@br012.ib.bridges2.psc.edu Distribution, ident: 4.0.5, repo rev: v4.0.5, Aug 26, 2020 (MPI standard: 3.1)
Charm++> Level of thread support used: MPI_THREAD_FUNNELED (desired: MPI_THREAD_FUNNELED)
Charm++> Running in SMP mode: 1 processes, 2 worker threads (PEs) + 1 comm threads per process, 2 PEs total
Charm++> The comm. thread both sends and receives messages
Converse/Charm++ Commit ID: v7.1.0-devel-172-ge6d5463bb
CharmLB> Load balancer assumes all CPUs are same.
Charm++> cpu affinity enabled. 
Charm++> cpuaffinity PE-core map (logical indices): 0,1
Charm++> Running on 1 hosts (2 sockets x 64 cores x 1 PUs = 128-way SMP)
Charm++> cpu topology info is gathered in 0.022 seconds.
CharmLB> Load balancing instrumentation for communication is off.
LOGISTICS
Number of PEs: 2
Number of nodes: 1
0.156941 second have elapsed
15694.100000
Time (in nanoseconds): 15694.100000 message_size: 1024 PROTOCOL: Parameter_Marshalling
0.129929 second have elapsed
12992.866800
Time (in nanoseconds): 12992.866800 message_size: 1024 PROTOCOL: Message
0.163832 second have elapsed
16383.221400
Time (in nanoseconds): 16383.221400 message_size: 1024 PROTOCOL: Message_w/o_allocation
[Partition 0][Node 0] End of program
Charm++> Running on MPI library: Open MPI v4.0.5, package: Open MPI spack@br012.ib.bridges2.psc.edu Distribution, ident: 4.0.5, repo rev: v4.0.5, Aug 26, 2020 (MPI standard: 3.1)
Charm++> Level of thread support used: MPI_THREAD_FUNNELED (desired: MPI_THREAD_FUNNELED)
Charm++> Running in SMP mode: 1 processes, 2 worker threads (PEs) + 1 comm threads per process, 2 PEs total
Charm++> The comm. thread both sends and receives messages
Converse/Charm++ Commit ID: v7.1.0-devel-172-ge6d5463bb
CharmLB> Load balancer assumes all CPUs are same.
Charm++> cpu affinity enabled. 
Charm++> cpuaffinity PE-core map (logical indices): 0,1
Charm++> Running on 1 hosts (2 sockets x 64 cores x 1 PUs = 128-way SMP)
Charm++> cpu topology info is gathered in 0.001 seconds.
CharmLB> Load balancing instrumentation for communication is off.
LOGISTICS
Number of PEs: 2
Number of nodes: 1
0.156695 second have elapsed
15669.471900
Time (in nanoseconds): 15669.471900 message_size: 1024 PROTOCOL: Parameter_Marshalling
0.140169 second have elapsed
14016.921400
Time (in nanoseconds): 14016.921400 message_size: 1024 PROTOCOL: Message
0.150449 second have elapsed
15044.939500
Time (in nanoseconds): 15044.939500 message_size: 1024 PROTOCOL: Message_w/o_allocation
[Partition 0][Node 0] End of program
Charm++> Running on MPI library: Open MPI v4.0.5, package: Open MPI spack@br012.ib.bridges2.psc.edu Distribution, ident: 4.0.5, repo rev: v4.0.5, Aug 26, 2020 (MPI standard: 3.1)
Charm++> Level of thread support used: MPI_THREAD_FUNNELED (desired: MPI_THREAD_FUNNELED)
Charm++> Running in SMP mode: 1 processes, 2 worker threads (PEs) + 1 comm threads per process, 2 PEs total
Charm++> The comm. thread both sends and receives messages
Converse/Charm++ Commit ID: v7.1.0-devel-172-ge6d5463bb
CharmLB> Load balancer assumes all CPUs are same.
Charm++> cpu affinity enabled. 
Charm++> cpuaffinity PE-core map (logical indices): 0,1
Charm++> Running on 1 hosts (2 sockets x 64 cores x 1 PUs = 128-way SMP)
Charm++> cpu topology info is gathered in 0.001 seconds.
CharmLB> Load balancing instrumentation for communication is off.
LOGISTICS
Number of PEs: 2
Number of nodes: 1
0.162827 second have elapsed
16282.729300
Time (in nanoseconds): 16282.729300 message_size: 1024 PROTOCOL: Parameter_Marshalling
0.136527 second have elapsed
13652.733500
Time (in nanoseconds): 13652.733500 message_size: 1024 PROTOCOL: Message
0.151228 second have elapsed
15122.829300
Time (in nanoseconds): 15122.829300 message_size: 1024 PROTOCOL: Message_w/o_allocation
[Partition 0][Node 0] End of program
Charm++> Running on MPI library: Open MPI v4.0.5, package: Open MPI spack@br012.ib.bridges2.psc.edu Distribution, ident: 4.0.5, repo rev: v4.0.5, Aug 26, 2020 (MPI standard: 3.1)
Charm++> Level of thread support used: MPI_THREAD_FUNNELED (desired: MPI_THREAD_FUNNELED)
Charm++> Running in SMP mode: 1 processes, 2 worker threads (PEs) + 1 comm threads per process, 2 PEs total
Charm++> The comm. thread both sends and receives messages
Converse/Charm++ Commit ID: v7.1.0-devel-172-ge6d5463bb
CharmLB> Load balancer assumes all CPUs are same.
Charm++> cpu affinity enabled. 
Charm++> cpuaffinity PE-core map (logical indices): 0,1
Charm++> Running on 1 hosts (2 sockets x 64 cores x 1 PUs = 128-way SMP)
Charm++> cpu topology info is gathered in 0.001 seconds.
CharmLB> Load balancing instrumentation for communication is off.
LOGISTICS
Number of PEs: 2
Number of nodes: 1
0.155719 second have elapsed
15568.756449
Time (in nanoseconds): 15568.756449 message_size: 1024 PROTOCOL: Parameter_Marshalling
0.134257 second have elapsed
13423.036693
Time (in nanoseconds): 13423.036693 message_size: 1024 PROTOCOL: Message
0.151170 second have elapsed
15113.970506
Time (in nanoseconds): 15113.970506 message_size: 1024 PROTOCOL: Message_w/o_allocation
[Partition 0][Node 0] End of program
Charm++> Running on MPI library: Open MPI v4.0.5, package: Open MPI spack@br012.ib.bridges2.psc.edu Distribution, ident: 4.0.5, repo rev: v4.0.5, Aug 26, 2020 (MPI standard: 3.1)
Charm++> Level of thread support used: MPI_THREAD_FUNNELED (desired: MPI_THREAD_FUNNELED)
Charm++> Running in SMP mode: 1 processes, 2 worker threads (PEs) + 1 comm threads per process, 2 PEs total
Charm++> The comm. thread both sends and receives messages
Converse/Charm++ Commit ID: v7.1.0-devel-172-ge6d5463bb
CharmLB> Load balancer assumes all CPUs are same.
Charm++> cpu affinity enabled. 
Charm++> cpuaffinity PE-core map (logical indices): 0,1
Charm++> Running on 1 hosts (2 sockets x 64 cores x 1 PUs = 128-way SMP)
Charm++> cpu topology info is gathered in 0.021 seconds.
CharmLB> Load balancing instrumentation for communication is off.
LOGISTICS
Number of PEs: 2
Number of nodes: 1
0.143633 second have elapsed
14363.327100
Time (in nanoseconds): 14363.327100 message_size: 1024 PROTOCOL: Parameter_Marshalling
0.147986 second have elapsed
14798.630200
Time (in nanoseconds): 14798.630200 message_size: 1024 PROTOCOL: Message
0.138223 second have elapsed
13822.250800
Time (in nanoseconds): 13822.250800 message_size: 1024 PROTOCOL: Message_w/o_allocation
[Partition 0][Node 0] End of program
Charm++> Running on MPI library: Open MPI v4.0.5, package: Open MPI spack@br012.ib.bridges2.psc.edu Distribution, ident: 4.0.5, repo rev: v4.0.5, Aug 26, 2020 (MPI standard: 3.1)
Charm++> Level of thread support used: MPI_THREAD_FUNNELED (desired: MPI_THREAD_FUNNELED)
Charm++> Running in SMP mode: 1 processes, 2 worker threads (PEs) + 1 comm threads per process, 2 PEs total
Charm++> The comm. thread both sends and receives messages
Converse/Charm++ Commit ID: v7.1.0-devel-172-ge6d5463bb
CharmLB> Load balancer assumes all CPUs are same.
Charm++> cpu affinity enabled. 
Charm++> cpuaffinity PE-core map (logical indices): 0,1
Charm++> Running on 1 hosts (2 sockets x 64 cores x 1 PUs = 128-way SMP)
Charm++> cpu topology info is gathered in 0.001 seconds.
CharmLB> Load balancing instrumentation for communication is off.
LOGISTICS
Number of PEs: 2
Number of nodes: 1
0.160293 second have elapsed
16029.270700
Time (in nanoseconds): 16029.270700 message_size: 1024 PROTOCOL: Parameter_Marshalling
0.135098 second have elapsed
13509.849900
Time (in nanoseconds): 13509.849900 message_size: 1024 PROTOCOL: Message
0.151268 second have elapsed
15126.831800
Time (in nanoseconds): 15126.831800 message_size: 1024 PROTOCOL: Message_w/o_allocation
[Partition 0][Node 0] End of program
Charm++> Running on MPI library: Open MPI v4.0.5, package: Open MPI spack@br012.ib.bridges2.psc.edu Distribution, ident: 4.0.5, repo rev: v4.0.5, Aug 26, 2020 (MPI standard: 3.1)
Charm++> Level of thread support used: MPI_THREAD_FUNNELED (desired: MPI_THREAD_FUNNELED)
Charm++> Running in SMP mode: 1 processes, 2 worker threads (PEs) + 1 comm threads per process, 2 PEs total
Charm++> The comm. thread both sends and receives messages
Converse/Charm++ Commit ID: v7.1.0-devel-172-ge6d5463bb
CharmLB> Load balancer assumes all CPUs are same.
Charm++> cpu affinity enabled. 
Charm++> cpuaffinity PE-core map (logical indices): 0,1
Charm++> Running on 1 hosts (2 sockets x 64 cores x 1 PUs = 128-way SMP)
Charm++> cpu topology info is gathered in 0.001 seconds.
CharmLB> Load balancing instrumentation for communication is off.
LOGISTICS
Number of PEs: 2
Number of nodes: 1
0.151026 second have elapsed
15099.581484
Time (in nanoseconds): 15099.581484 message_size: 1024 PROTOCOL: Parameter_Marshalling
0.147075 second have elapsed
14704.535593
Time (in nanoseconds): 14704.535593 message_size: 1024 PROTOCOL: Message
0.135896 second have elapsed
13586.839732
Time (in nanoseconds): 13586.839732 message_size: 1024 PROTOCOL: Message_w/o_allocation
[Partition 0][Node 0] End of program
Charm++> Running on MPI library: Open MPI v4.0.5, package: Open MPI spack@br012.ib.bridges2.psc.edu Distribution, ident: 4.0.5, repo rev: v4.0.5, Aug 26, 2020 (MPI standard: 3.1)
Charm++> Level of thread support used: MPI_THREAD_FUNNELED (desired: MPI_THREAD_FUNNELED)
Charm++> Running in SMP mode: 1 processes, 2 worker threads (PEs) + 1 comm threads per process, 2 PEs total
Charm++> The comm. thread both sends and receives messages
Converse/Charm++ Commit ID: v7.1.0-devel-172-ge6d5463bb
CharmLB> Load balancer assumes all CPUs are same.
Charm++> cpu affinity enabled. 
Charm++> cpuaffinity PE-core map (logical indices): 0,1
Charm++> Running on 1 hosts (2 sockets x 64 cores x 1 PUs = 128-way SMP)
Charm++> cpu topology info is gathered in 0.022 seconds.
CharmLB> Load balancing instrumentation for communication is off.
LOGISTICS
Number of PEs: 2
Number of nodes: 1
0.153785 second have elapsed
15378.496000
Time (in nanoseconds): 15378.496000 message_size: 1024 PROTOCOL: Parameter_Marshalling
0.135143 second have elapsed
13514.278200
Time (in nanoseconds): 13514.278200 message_size: 1024 PROTOCOL: Message
0.150353 second have elapsed
15035.299400
Time (in nanoseconds): 15035.299400 message_size: 1024 PROTOCOL: Message_w/o_allocation
[Partition 0][Node 0] End of program
Charm++> Running on MPI library: Open MPI v4.0.5, package: Open MPI spack@br012.ib.bridges2.psc.edu Distribution, ident: 4.0.5, repo rev: v4.0.5, Aug 26, 2020 (MPI standard: 3.1)
Charm++> Level of thread support used: MPI_THREAD_FUNNELED (desired: MPI_THREAD_FUNNELED)
Charm++> Running in SMP mode: 1 processes, 2 worker threads (PEs) + 1 comm threads per process, 2 PEs total
Charm++> The comm. thread both sends and receives messages
Converse/Charm++ Commit ID: v7.1.0-devel-172-ge6d5463bb
CharmLB> Load balancer assumes all CPUs are same.
Charm++> cpu affinity enabled. 
Charm++> cpuaffinity PE-core map (logical indices): 0,1
Charm++> Running on 1 hosts (2 sockets x 64 cores x 1 PUs = 128-way SMP)
Charm++> cpu topology info is gathered in 0.001 seconds.
CharmLB> Load balancing instrumentation for communication is off.
LOGISTICS
Number of PEs: 2
Number of nodes: 1
0.153458 second have elapsed
15345.799800
Time (in nanoseconds): 15345.799800 message_size: 1024 PROTOCOL: Parameter_Marshalling
0.134991 second have elapsed
13499.144900
Time (in nanoseconds): 13499.144900 message_size: 1024 PROTOCOL: Message
0.154583 second have elapsed
15458.277400
Time (in nanoseconds): 15458.277400 message_size: 1024 PROTOCOL: Message_w/o_allocation
[Partition 0][Node 0] End of program
