Charm++> Running on MPI library: Open MPI v4.0.5, package: Open MPI spack@br012.ib.bridges2.psc.edu Distribution, ident: 4.0.5, repo rev: v4.0.5, Aug 26, 2020 (MPI standard: 3.1)
Charm++> Level of thread support used: MPI_THREAD_FUNNELED (desired: MPI_THREAD_FUNNELED)
Charm++> Running in SMP mode: 1 processes, 2 worker threads (PEs) + 1 comm threads per process, 2 PEs total
Charm++> The comm. thread both sends and receives messages
Converse/Charm++ Commit ID: v7.1.0-devel-172-ge6d5463bb
CharmLB> Load balancer assumes all CPUs are same.
Charm++> cpu affinity enabled. 
Charm++> cpuaffinity PE-core map (logical indices): 0,1
Charm++> Running on 1 hosts (2 sockets x 64 cores x 1 PUs = 128-way SMP)
Charm++> cpu topology info is gathered in 0.003 seconds.
CharmLB> Load balancing instrumentation for communication is off.
LOGISTICS
Number of PEs: 2
Number of nodes: 1
0.299782 second have elapsed
29972.247151
Time (in nanoseconds): 29972.247151 message_size: 2048 PROTOCOL: Parameter_Marshalling
0.254498 second have elapsed
25444.748350
Time (in nanoseconds): 25444.748350 message_size: 2048 PROTOCOL: Message
0.277475 second have elapsed
27741.965207
Time (in nanoseconds): 27741.965207 message_size: 2048 PROTOCOL: Message_w/o_allocation
[Partition 0][Node 0] End of program
Charm++> Running on MPI library: Open MPI v4.0.5, package: Open MPI spack@br012.ib.bridges2.psc.edu Distribution, ident: 4.0.5, repo rev: v4.0.5, Aug 26, 2020 (MPI standard: 3.1)
Charm++> Level of thread support used: MPI_THREAD_FUNNELED (desired: MPI_THREAD_FUNNELED)
Charm++> Running in SMP mode: 1 processes, 2 worker threads (PEs) + 1 comm threads per process, 2 PEs total
Charm++> The comm. thread both sends and receives messages
Converse/Charm++ Commit ID: v7.1.0-devel-172-ge6d5463bb
CharmLB> Load balancer assumes all CPUs are same.
Charm++> cpu affinity enabled. 
Charm++> cpuaffinity PE-core map (logical indices): 0,1
Charm++> Running on 1 hosts (2 sockets x 64 cores x 1 PUs = 128-way SMP)
Charm++> cpu topology info is gathered in 0.021 seconds.
CharmLB> Load balancing instrumentation for communication is off.
LOGISTICS
Number of PEs: 2
Number of nodes: 1
0.292374 second have elapsed
29237.394700
Time (in nanoseconds): 29237.394700 message_size: 2048 PROTOCOL: Parameter_Marshalling
0.264696 second have elapsed
26469.640100
Time (in nanoseconds): 26469.640100 message_size: 2048 PROTOCOL: Message
0.277906 second have elapsed
27790.620400
Time (in nanoseconds): 27790.620400 message_size: 2048 PROTOCOL: Message_w/o_allocation
[Partition 0][Node 0] End of program
Charm++> Running on MPI library: Open MPI v4.0.5, package: Open MPI spack@br012.ib.bridges2.psc.edu Distribution, ident: 4.0.5, repo rev: v4.0.5, Aug 26, 2020 (MPI standard: 3.1)
Charm++> Level of thread support used: MPI_THREAD_FUNNELED (desired: MPI_THREAD_FUNNELED)
Charm++> Running in SMP mode: 1 processes, 2 worker threads (PEs) + 1 comm threads per process, 2 PEs total
Charm++> The comm. thread both sends and receives messages
Converse/Charm++ Commit ID: v7.1.0-devel-172-ge6d5463bb
CharmLB> Load balancer assumes all CPUs are same.
Charm++> cpu affinity enabled. 
Charm++> cpuaffinity PE-core map (logical indices): 0,1
Charm++> Running on 1 hosts (2 sockets x 64 cores x 1 PUs = 128-way SMP)
Charm++> cpu topology info is gathered in 0.001 seconds.
CharmLB> Load balancing instrumentation for communication is off.
LOGISTICS
Number of PEs: 2
Number of nodes: 1
0.289041 second have elapsed
28904.146000
Time (in nanoseconds): 28904.146000 message_size: 2048 PROTOCOL: Parameter_Marshalling
0.263941 second have elapsed
26394.136600
Time (in nanoseconds): 26394.136600 message_size: 2048 PROTOCOL: Message
0.266617 second have elapsed
26661.695200
Time (in nanoseconds): 26661.695200 message_size: 2048 PROTOCOL: Message_w/o_allocation
[Partition 0][Node 0] End of program
Charm++> Running on MPI library: Open MPI v4.0.5, package: Open MPI spack@br012.ib.bridges2.psc.edu Distribution, ident: 4.0.5, repo rev: v4.0.5, Aug 26, 2020 (MPI standard: 3.1)
Charm++> Level of thread support used: MPI_THREAD_FUNNELED (desired: MPI_THREAD_FUNNELED)
Charm++> Running in SMP mode: 1 processes, 2 worker threads (PEs) + 1 comm threads per process, 2 PEs total
Charm++> The comm. thread both sends and receives messages
Converse/Charm++ Commit ID: v7.1.0-devel-172-ge6d5463bb
CharmLB> Load balancer assumes all CPUs are same.
Charm++> cpu affinity enabled. 
Charm++> cpuaffinity PE-core map (logical indices): 0,1
Charm++> Running on 1 hosts (2 sockets x 64 cores x 1 PUs = 128-way SMP)
Charm++> cpu topology info is gathered in 0.021 seconds.
CharmLB> Load balancing instrumentation for communication is off.
LOGISTICS
Number of PEs: 2
Number of nodes: 1
0.301407 second have elapsed
30140.688100
Time (in nanoseconds): 30140.688100 message_size: 2048 PROTOCOL: Parameter_Marshalling
0.259320 second have elapsed
25931.992200
Time (in nanoseconds): 25931.992200 message_size: 2048 PROTOCOL: Message
0.272293 second have elapsed
27229.347300
Time (in nanoseconds): 27229.347300 message_size: 2048 PROTOCOL: Message_w/o_allocation
[Partition 0][Node 0] End of program
Charm++> Running on MPI library: Open MPI v4.0.5, package: Open MPI spack@br012.ib.bridges2.psc.edu Distribution, ident: 4.0.5, repo rev: v4.0.5, Aug 26, 2020 (MPI standard: 3.1)
Charm++> Level of thread support used: MPI_THREAD_FUNNELED (desired: MPI_THREAD_FUNNELED)
Charm++> Running in SMP mode: 1 processes, 2 worker threads (PEs) + 1 comm threads per process, 2 PEs total
Charm++> The comm. thread both sends and receives messages
Converse/Charm++ Commit ID: v7.1.0-devel-172-ge6d5463bb
CharmLB> Load balancer assumes all CPUs are same.
Charm++> cpu affinity enabled. 
Charm++> cpuaffinity PE-core map (logical indices): 0,1
Charm++> Running on 1 hosts (2 sockets x 64 cores x 1 PUs = 128-way SMP)
Charm++> cpu topology info is gathered in 0.001 seconds.
CharmLB> Load balancing instrumentation for communication is off.
LOGISTICS
Number of PEs: 2
Number of nodes: 1
0.289291 second have elapsed
28923.280044
Time (in nanoseconds): 28923.280044 message_size: 2048 PROTOCOL: Parameter_Marshalling
0.264809 second have elapsed
26475.626075
Time (in nanoseconds): 26475.626075 message_size: 2048 PROTOCOL: Message
0.276256 second have elapsed
27620.047091
Time (in nanoseconds): 27620.047091 message_size: 2048 PROTOCOL: Message_w/o_allocation
[Partition 0][Node 0] End of program
Charm++> Running on MPI library: Open MPI v4.0.5, package: Open MPI spack@br012.ib.bridges2.psc.edu Distribution, ident: 4.0.5, repo rev: v4.0.5, Aug 26, 2020 (MPI standard: 3.1)
Charm++> Level of thread support used: MPI_THREAD_FUNNELED (desired: MPI_THREAD_FUNNELED)
Charm++> Running in SMP mode: 1 processes, 2 worker threads (PEs) + 1 comm threads per process, 2 PEs total
Charm++> The comm. thread both sends and receives messages
Converse/Charm++ Commit ID: v7.1.0-devel-172-ge6d5463bb
CharmLB> Load balancer assumes all CPUs are same.
Charm++> cpu affinity enabled. 
Charm++> cpuaffinity PE-core map (logical indices): 0,1
Charm++> Running on 1 hosts (2 sockets x 64 cores x 1 PUs = 128-way SMP)
Charm++> cpu topology info is gathered in 0.001 seconds.
CharmLB> Load balancing instrumentation for communication is off.
LOGISTICS
Number of PEs: 2
Number of nodes: 1
0.289235 second have elapsed
28923.526300
Time (in nanoseconds): 28923.526300 message_size: 2048 PROTOCOL: Parameter_Marshalling
0.268524 second have elapsed
26852.370500
Time (in nanoseconds): 26852.370500 message_size: 2048 PROTOCOL: Message
0.262165 second have elapsed
26216.452400
Time (in nanoseconds): 26216.452400 message_size: 2048 PROTOCOL: Message_w/o_allocation
[Partition 0][Node 0] End of program
Charm++> Running on MPI library: Open MPI v4.0.5, package: Open MPI spack@br012.ib.bridges2.psc.edu Distribution, ident: 4.0.5, repo rev: v4.0.5, Aug 26, 2020 (MPI standard: 3.1)
Charm++> Level of thread support used: MPI_THREAD_FUNNELED (desired: MPI_THREAD_FUNNELED)
Charm++> Running in SMP mode: 1 processes, 2 worker threads (PEs) + 1 comm threads per process, 2 PEs total
Charm++> The comm. thread both sends and receives messages
Converse/Charm++ Commit ID: v7.1.0-devel-172-ge6d5463bb
CharmLB> Load balancer assumes all CPUs are same.
Charm++> cpu affinity enabled. 
Charm++> cpuaffinity PE-core map (logical indices): 0,1
Charm++> Running on 1 hosts (2 sockets x 64 cores x 1 PUs = 128-way SMP)
Charm++> cpu topology info is gathered in 0.001 seconds.
CharmLB> Load balancing instrumentation for communication is off.
LOGISTICS
Number of PEs: 2
Number of nodes: 1
0.290927 second have elapsed
29092.690500
Time (in nanoseconds): 29092.690500 message_size: 2048 PROTOCOL: Parameter_Marshalling
0.271851 second have elapsed
27185.147400
Time (in nanoseconds): 27185.147400 message_size: 2048 PROTOCOL: Message
0.265094 second have elapsed
26509.392600
Time (in nanoseconds): 26509.392600 message_size: 2048 PROTOCOL: Message_w/o_allocation
[Partition 0][Node 0] End of program
Charm++> Running on MPI library: Open MPI v4.0.5, package: Open MPI spack@br012.ib.bridges2.psc.edu Distribution, ident: 4.0.5, repo rev: v4.0.5, Aug 26, 2020 (MPI standard: 3.1)
Charm++> Level of thread support used: MPI_THREAD_FUNNELED (desired: MPI_THREAD_FUNNELED)
Charm++> Running in SMP mode: 1 processes, 2 worker threads (PEs) + 1 comm threads per process, 2 PEs total
Charm++> The comm. thread both sends and receives messages
Converse/Charm++ Commit ID: v7.1.0-devel-172-ge6d5463bb
CharmLB> Load balancer assumes all CPUs are same.
Charm++> cpu affinity enabled. 
Charm++> cpuaffinity PE-core map (logical indices): 0,1
Charm++> Running on 1 hosts (2 sockets x 64 cores x 1 PUs = 128-way SMP)
Charm++> cpu topology info is gathered in 0.022 seconds.
CharmLB> Load balancing instrumentation for communication is off.
LOGISTICS
Number of PEs: 2
Number of nodes: 1
0.287386 second have elapsed
28732.894121
Time (in nanoseconds): 28732.894121 message_size: 2048 PROTOCOL: Parameter_Marshalling
0.264946 second have elapsed
26489.294041
Time (in nanoseconds): 26489.294041 message_size: 2048 PROTOCOL: Message
0.264154 second have elapsed
26410.167367
Time (in nanoseconds): 26410.167367 message_size: 2048 PROTOCOL: Message_w/o_allocation
[Partition 0][Node 0] End of program
Charm++> Running on MPI library: Open MPI v4.0.5, package: Open MPI spack@br012.ib.bridges2.psc.edu Distribution, ident: 4.0.5, repo rev: v4.0.5, Aug 26, 2020 (MPI standard: 3.1)
Charm++> Level of thread support used: MPI_THREAD_FUNNELED (desired: MPI_THREAD_FUNNELED)
Charm++> Running in SMP mode: 1 processes, 2 worker threads (PEs) + 1 comm threads per process, 2 PEs total
Charm++> The comm. thread both sends and receives messages
Converse/Charm++ Commit ID: v7.1.0-devel-172-ge6d5463bb
CharmLB> Load balancer assumes all CPUs are same.
Charm++> cpu affinity enabled. 
Charm++> cpuaffinity PE-core map (logical indices): 0,1
Charm++> Running on 1 hosts (2 sockets x 64 cores x 1 PUs = 128-way SMP)
Charm++> cpu topology info is gathered in 0.001 seconds.
CharmLB> Load balancing instrumentation for communication is off.
LOGISTICS
Number of PEs: 2
Number of nodes: 1
0.287342 second have elapsed
28734.236500
Time (in nanoseconds): 28734.236500 message_size: 2048 PROTOCOL: Parameter_Marshalling
0.264792 second have elapsed
26479.152900
Time (in nanoseconds): 26479.152900 message_size: 2048 PROTOCOL: Message
0.288829 second have elapsed
28882.885200
Time (in nanoseconds): 28882.885200 message_size: 2048 PROTOCOL: Message_w/o_allocation
[Partition 0][Node 0] End of program
Charm++> Running on MPI library: Open MPI v4.0.5, package: Open MPI spack@br012.ib.bridges2.psc.edu Distribution, ident: 4.0.5, repo rev: v4.0.5, Aug 26, 2020 (MPI standard: 3.1)
Charm++> Level of thread support used: MPI_THREAD_FUNNELED (desired: MPI_THREAD_FUNNELED)
Charm++> Running in SMP mode: 1 processes, 2 worker threads (PEs) + 1 comm threads per process, 2 PEs total
Charm++> The comm. thread both sends and receives messages
Converse/Charm++ Commit ID: v7.1.0-devel-172-ge6d5463bb
CharmLB> Load balancer assumes all CPUs are same.
Charm++> cpu affinity enabled. 
Charm++> cpuaffinity PE-core map (logical indices): 0,1
Charm++> Running on 1 hosts (2 sockets x 64 cores x 1 PUs = 128-way SMP)
Charm++> cpu topology info is gathered in 0.001 seconds.
CharmLB> Load balancing instrumentation for communication is off.
LOGISTICS
Number of PEs: 2
Number of nodes: 1
0.288399 second have elapsed
28839.887600
Time (in nanoseconds): 28839.887600 message_size: 2048 PROTOCOL: Parameter_Marshalling
0.277682 second have elapsed
27768.161400
Time (in nanoseconds): 27768.161400 message_size: 2048 PROTOCOL: Message
0.260373 second have elapsed
26037.339700
Time (in nanoseconds): 26037.339700 message_size: 2048 PROTOCOL: Message_w/o_allocation
[Partition 0][Node 0] End of program
